<?xml version="1.0" encoding="UTF-8"?>
<testsuite xmlns:xsi="http://www.w3.org/2001/XMLSchema-instance" xsi:noNamespaceSchemaLocation="https://maven.apache.org/surefire/maven-surefire-plugin/xsd/surefire-test-report-3.0.xsd" version="3.0" name="com.apps.quantitymeasurement.QuantityMeasurementAppTest" time="0.319" tests="68" errors="0" skipped="0" failures="0">
  <properties>
[...]
</properties>
  <testcase name="testTemperatureQuantity_NonFiniteValue" classname="com.apps.quantitymeasurement.QuantityMeasurementAppTest" time="0.031"/>
  <testcase name="testService_CompareEquality_SameUnit_Success" classname="com.apps.quantitymeasurement.QuantityMeasurementAppTest" time="0.006"/>
  <testcase name="testTemperatureUnsupportedOperation_Divide" classname="com.apps.quantitymeasurement.QuantityMeasurementAppTest" time="0.002"/>
  <testcase name="testTemperatureEquality_CelsiusToFahrenheit" classname="com.apps.quantitymeasurement.QuantityMeasurementAppTest" time="0.001"/>
  <testcase name="testOperationSupportMethods_TemperatureUnit" classname="com.apps.quantitymeasurement.QuantityMeasurementAppTest" time="0.003"/>
  <testcase name="testTemperatureUnsupportedOperation_Subtract" classname="com.apps.quantitymeasurement.QuantityMeasurementAppTest" time="0.002"/>
  <testcase name="testService_CompareEquality_DifferentUnit_Success" classname="com.apps.quantitymeasurement.QuantityMeasurementAppTest" time="0.001"/>
  <testcase name="testTemperatureConversion_ZeroValue" classname="com.apps.quantitymeasurement.QuantityMeasurementAppTest" time="0.003"/>
  <testcase name="testTemperatureEquality_FahrenheitToKelvin" classname="com.apps.quantitymeasurement.QuantityMeasurementAppTest" time="0.002"/>
  <testcase name="testService_Add_UnsupportedOperation_Error" classname="com.apps.quantitymeasurement.QuantityMeasurementAppTest" time="0.004"/>
  <testcase name="testOperationSupportMethods_VolumeUnit" classname="com.apps.quantitymeasurement.QuantityMeasurementAppTest" time="0.002"/>
  <testcase name="testOperationSupportMethods_WeightUnit" classname="com.apps.quantitymeasurement.QuantityMeasurementAppTest" time="0.001"/>
  <testcase name="testTemperatureEquality_NullValue" classname="com.apps.quantitymeasurement.QuantityMeasurementAppTest" time="0.001"/>
  <testcase name="testTemperatureUnsupportedOperation_Add" classname="com.apps.quantitymeasurement.QuantityMeasurementAppTest" time="0.002"/>
  <testcase name="testTemperatureConversion_KelvinToFahrenheit_VariousValues(double)[1]" classname="com.apps.quantitymeasurement.QuantityMeasurementAppTest" time="0.034"/>
  <testcase name="testTemperatureConversion_KelvinToFahrenheit_VariousValues(double)[2]" classname="com.apps.quantitymeasurement.QuantityMeasurementAppTest" time="0.002"/>
  <testcase name="testTemperatureConversion_KelvinToFahrenheit_VariousValues(double)[3]" classname="com.apps.quantitymeasurement.QuantityMeasurementAppTest" time="0.001"/>
  <testcase name="testTemperatureConversion_KelvinToFahrenheit_VariousValues(double)[4]" classname="com.apps.quantitymeasurement.QuantityMeasurementAppTest" time="0.002"/>
  <testcase name="testTemperatureConversion_KelvinToFahrenheit_VariousValues(double)[5]" classname="com.apps.quantitymeasurement.QuantityMeasurementAppTest" time="0.001"/>
  <testcase name="testTemperatureConversion_KelvinToFahrenheit_VariousValues(double)[6]" classname="com.apps.quantitymeasurement.QuantityMeasurementAppTest" time="0.0"/>
  <testcase name="testTemperatureQuantity_NullUnit" classname="com.apps.quantitymeasurement.QuantityMeasurementAppTest" time="0.002"/>
  <testcase name="testTemperatureConversion_LargeValues" classname="com.apps.quantitymeasurement.QuantityMeasurementAppTest" time="0.002"/>
  <testcase name="testTemperatureQuantity_ObjectFormation" classname="com.apps.quantitymeasurement.QuantityMeasurementAppTest" time="0.002"/>
  <testcase name="testService_Add_ExplicitTargetUnit_Success" classname="com.apps.quantitymeasurement.QuantityMeasurementAppTest" time="0.006"/>
  <testcase name="testTemperatureConversion_NegativeValues" classname="com.apps.quantitymeasurement.QuantityMeasurementAppTest" time="0.002"/>
  <testcase name="testTemperatureConversion_CelsiusToKelvin_VariousValues(double)[1]" classname="com.apps.quantitymeasurement.QuantityMeasurementAppTest" time="0.001"/>
  <testcase name="testTemperatureConversion_CelsiusToKelvin_VariousValues(double)[2]" classname="com.apps.quantitymeasurement.QuantityMeasurementAppTest" time="0.003"/>
  <testcase name="testTemperatureConversion_CelsiusToKelvin_VariousValues(double)[3]" classname="com.apps.quantitymeasurement.QuantityMeasurementAppTest" time="0.002"/>
  <testcase name="testTemperatureConversion_CelsiusToKelvin_VariousValues(double)[4]" classname="com.apps.quantitymeasurement.QuantityMeasurementAppTest" time="0.001"/>
  <testcase name="testTemperatureConversion_CelsiusToKelvin_VariousValues(double)[5]" classname="com.apps.quantitymeasurement.QuantityMeasurementAppTest" time="0.002"/>
  <testcase name="testTemperatureConversion_CelsiusToKelvin_VariousValues(double)[6]" classname="com.apps.quantitymeasurement.QuantityMeasurementAppTest" time="0.001"/>
  <testcase name="testTemperatureEquality_CelsiusToKelvin" classname="com.apps.quantitymeasurement.QuantityMeasurementAppTest" time="0.0"/>
  <testcase name="testTemperatureEquality_CelsiusToFahrenheit_Negative40Equal" classname="com.apps.quantitymeasurement.QuantityMeasurementAppTest" time="0.001"/>
  <testcase name="testTemperatureConversion_FahrenheitToCelsius_VariousValues(double)[1]" classname="com.apps.quantitymeasurement.QuantityMeasurementAppTest" time="0.002"/>
  <testcase name="testTemperatureConversion_FahrenheitToCelsius_VariousValues(double)[2]" classname="com.apps.quantitymeasurement.QuantityMeasurementAppTest" time="0.002"/>
  <testcase name="testTemperatureConversion_FahrenheitToCelsius_VariousValues(double)[3]" classname="com.apps.quantitymeasurement.QuantityMeasurementAppTest" time="0.0"/>
  <testcase name="testTemperatureConversion_FahrenheitToCelsius_VariousValues(double)[4]" classname="com.apps.quantitymeasurement.QuantityMeasurementAppTest" time="0.001"/>
  <testcase name="testTemperatureConversion_FahrenheitToCelsius_VariousValues(double)[5]" classname="com.apps.quantitymeasurement.QuantityMeasurementAppTest" time="0.003"/>
  <testcase name="testTemperatureConversion_FahrenheitToCelsius_VariousValues(double)[6]" classname="com.apps.quantitymeasurement.QuantityMeasurementAppTest" time="0.001"/>
  <testcase name="testTemperatureEquality_CelsiusToCelsius_SameValue" classname="com.apps.quantitymeasurement.QuantityMeasurementAppTest" time="0.002"/>
  <testcase name="testTemperatureEquality_SymmetricProperty" classname="com.apps.quantitymeasurement.QuantityMeasurementAppTest" time="0.001"/>
  <testcase name="testTemperatureEquality_FahrenheitToFahrenheit_SameValue" classname="com.apps.quantitymeasurement.QuantityMeasurementAppTest" time="0.001"/>
  <testcase name="testTemperatureConversion_KelvinToCelsius_VariousValues(double)[1]" classname="com.apps.quantitymeasurement.QuantityMeasurementAppTest" time="0.0"/>
  <testcase name="testTemperatureConversion_KelvinToCelsius_VariousValues(double)[2]" classname="com.apps.quantitymeasurement.QuantityMeasurementAppTest" time="0.002"/>
  <testcase name="testTemperatureConversion_KelvinToCelsius_VariousValues(double)[3]" classname="com.apps.quantitymeasurement.QuantityMeasurementAppTest" time="0.001"/>
  <testcase name="testTemperatureConversion_KelvinToCelsius_VariousValues(double)[4]" classname="com.apps.quantitymeasurement.QuantityMeasurementAppTest" time="0.001"/>
  <testcase name="testTemperatureConversion_KelvinToCelsius_VariousValues(double)[5]" classname="com.apps.quantitymeasurement.QuantityMeasurementAppTest" time="0.0"/>
  <testcase name="testTemperatureConversion_KelvinToCelsius_VariousValues(double)[6]" classname="com.apps.quantitymeasurement.QuantityMeasurementAppTest" time="0.0"/>
  <testcase name="testService_Add_Success" classname="com.apps.quantitymeasurement.QuantityMeasurementAppTest" time="0.0"/>
  <testcase name="testTemperatureConversion_FahrenheitToKelvin_VariousValues(double)[1]" classname="com.apps.quantitymeasurement.QuantityMeasurementAppTest" time="0.0"/>
  <testcase name="testTemperatureConversion_FahrenheitToKelvin_VariousValues(double)[2]" classname="com.apps.quantitymeasurement.QuantityMeasurementAppTest" time="0.001"/>
  <testcase name="testTemperatureConversion_FahrenheitToKelvin_VariousValues(double)[3]" classname="com.apps.quantitymeasurement.QuantityMeasurementAppTest" time="0.001"/>
  <testcase name="testTemperatureConversion_FahrenheitToKelvin_VariousValues(double)[4]" classname="com.apps.quantitymeasurement.QuantityMeasurementAppTest" time="0.001"/>
  <testcase name="testTemperatureConversion_FahrenheitToKelvin_VariousValues(double)[5]" classname="com.apps.quantitymeasurement.QuantityMeasurementAppTest" time="0.001"/>
  <testcase name="testTemperatureConversion_FahrenheitToKelvin_VariousValues(double)[6]" classname="com.apps.quantitymeasurement.QuantityMeasurementAppTest" time="0.001"/>
  <testcase name="testService_CompareEquality_CrossCategory_Error" classname="com.apps.quantitymeasurement.QuantityMeasurementAppTest" time="0.001"/>
  <testcase name="testTemperatureConversion_RoundTrip_PreservesValue" classname="com.apps.quantitymeasurement.QuantityMeasurementAppTest" time="0.0"/>
  <testcase name="testTemperatureEquality_ReflexiveProperty" classname="com.apps.quantitymeasurement.QuantityMeasurementAppTest" time="0.001"/>
  <testcase name="testTemperatureConversion_SameUnit" classname="com.apps.quantitymeasurement.QuantityMeasurementAppTest" time="0.001"/>
  <testcase name="testTemperatureEquality_KelvinToKelvin_SameValue" classname="com.apps.quantitymeasurement.QuantityMeasurementAppTest" time="0.0"/>
  <testcase name="testService_Convert_Success" classname="com.apps.quantitymeasurement.QuantityMeasurementAppTest" time="0.0"/>
  <testcase name="testOperationSupportMethods_LengthUnit" classname="com.apps.quantitymeasurement.QuantityMeasurementAppTest" time="0.001"/>
  <testcase name="testTemperatureConversion_CelsiusToFahrenheit_VariousValues(double)[1]" classname="com.apps.quantitymeasurement.QuantityMeasurementAppTest" time="0.001"/>
  <testcase name="testTemperatureConversion_CelsiusToFahrenheit_VariousValues(double)[2]" classname="com.apps.quantitymeasurement.QuantityMeasurementAppTest" time="0.002"/>
  <testcase name="testTemperatureConversion_CelsiusToFahrenheit_VariousValues(double)[3]" classname="com.apps.quantitymeasurement.QuantityMeasurementAppTest" time="0.0"/>
  <testcase name="testTemperatureConversion_CelsiusToFahrenheit_VariousValues(double)[4]" classname="com.apps.quantitymeasurement.QuantityMeasurementAppTest" time="0.001"/>
  <testcase name="testTemperatureConversion_CelsiusToFahrenheit_VariousValues(double)[5]" classname="com.apps.quantitymeasurement.QuantityMeasurementAppTest" time="0.0"/>
  <testcase name="testTemperatureConversion_CelsiusToFahrenheit_VariousValues(double)[6]" classname="com.apps.quantitymeasurement.QuantityMeasurementAppTest" time="0.001"/>
</testsuite>